0 info it worked if it ends with ok
1 verbose cli [ '/Users/swapnilmishra/.nvm/versions/node/v6.6.0/bin/node',
1 verbose cli   '/Users/swapnilmishra/.nvm/versions/node/v6.6.0/bin/npm',
1 verbose cli   'run',
1 verbose cli   'build:prod' ]
2 info using npm@3.10.3
3 info using node@v6.6.0
4 verbose run-script [ 'prebuild:prod', 'build:prod', 'postbuild:prod' ]
5 info lifecycle test@1.0.0~prebuild:prod: test@1.0.0
6 silly lifecycle test@1.0.0~prebuild:prod: no script for prebuild:prod, continuing
7 info lifecycle test@1.0.0~build:prod: test@1.0.0
8 verbose lifecycle test@1.0.0~build:prod: unsafe-perm in lifecycle true
9 verbose lifecycle test@1.0.0~build:prod: PATH: /Users/swapnilmishra/.nvm/versions/node/v6.6.0/lib/node_modules/npm/bin/node-gyp-bin:/Users/swapnilmishra/Documents/Practice/redmart/node_modules/.bin:/Users/swapnilmishra/.nvm/versions/node/v6.6.0/bin:/Users/swapnilmishra/.yarn/bin:/Users/swapnilmishra/.nvm/versions/node/v6.6.0/bin:/usr/bin:/bin:/usr/sbin:/sbin:/usr/local/bin:/usr/local/git/bin:/usr/local/mysql/bin:/Users/swapnilmishra/mongodb-osx-x86_64-2.4.9/bin
10 verbose lifecycle test@1.0.0~build:prod: CWD: /Users/swapnilmishra/Documents/Practice/redmart
11 silly lifecycle test@1.0.0~build:prod: Args: [ '-c', 'webpack -p --env=prod --progress --profile --colors' ]
12 silly lifecycle test@1.0.0~build:prod: Returned: code: 2  signal: null
13 info lifecycle test@1.0.0~build:prod: Failed to exec build:prod script
14 verbose stack Error: test@1.0.0 build:prod: `webpack -p --env=prod --progress --profile --colors`
14 verbose stack Exit status 2
14 verbose stack     at EventEmitter.<anonymous> (/Users/swapnilmishra/.nvm/versions/node/v6.6.0/lib/node_modules/npm/lib/utils/lifecycle.js:242:16)
14 verbose stack     at emitTwo (events.js:106:13)
14 verbose stack     at EventEmitter.emit (events.js:191:7)
14 verbose stack     at ChildProcess.<anonymous> (/Users/swapnilmishra/.nvm/versions/node/v6.6.0/lib/node_modules/npm/lib/utils/spawn.js:40:14)
14 verbose stack     at emitTwo (events.js:106:13)
14 verbose stack     at ChildProcess.emit (events.js:191:7)
14 verbose stack     at maybeClose (internal/child_process.js:877:16)
14 verbose stack     at Process.ChildProcess._handle.onexit (internal/child_process.js:226:5)
15 verbose pkgid test@1.0.0
16 verbose cwd /Users/swapnilmishra/Documents/Practice/redmart
17 error Darwin 15.3.0
18 error argv "/Users/swapnilmishra/.nvm/versions/node/v6.6.0/bin/node" "/Users/swapnilmishra/.nvm/versions/node/v6.6.0/bin/npm" "run" "build:prod"
19 error node v6.6.0
20 error npm  v3.10.3
21 error code ELIFECYCLE
22 error test@1.0.0 build:prod: `webpack -p --env=prod --progress --profile --colors`
22 error Exit status 2
23 error Failed at the test@1.0.0 build:prod script 'webpack -p --env=prod --progress --profile --colors'.
23 error Make sure you have the latest version of node.js and npm installed.
23 error If you do, this is most likely a problem with the test package,
23 error not with npm itself.
23 error Tell the author that this fails on your system:
23 error     webpack -p --env=prod --progress --profile --colors
23 error You can get information on how to open an issue for this project with:
23 error     npm bugs test
23 error Or if that isn't available, you can get their info via:
23 error     npm owner ls test
23 error There is likely additional logging output above.
24 verbose exit [ 1, true ]
